Producer [0]0 enqueued: 0
Producer [1]0 enqueued: 13
Producer [2]0 enqueued: 76
Producer [3]0 enqueued: 46
Producer [4]0 enqueued: 53
Producer [5]0 enqueued: 22
Producer [6]0 enqueued: 4
Producer [7]0 enqueued: 68
Producer [8]0 enqueued: 68
Producer [9]0 enqueued: 94
Producer [10]0 enqueued: 38
Producer [11]0 enqueued: 52
Producer [12]0 enqueued: 83
Producer [13]0 enqueued: 3
Producer [14]0 enqueued: 5
Producer [15]0 enqueued: 53
Consumer 0 dequeued: 0
Consumer 0 dequeued: 13
Consumer 0 dequeued: 76
Consumer 0 dequeued: 46
Producer [16]0 enqueued: 67
Producer [17]0 enqueued: 0
Producer [18]0 enqueued: 38
Producer [19]0 enqueued: 6
Producer [20]0 enqueued: 42
Producer [21]0 enqueued: 69
Producer [22]0 enqueued: 59
Producer [23]0 enqueued: 93
Consumer 0 dequeued: 53
Consumer 0 dequeued: 22
Consumer 0 dequeued: 4
Consumer 0 dequeued: 68
Consumer 0 dequeued: 68
Consumer 0 dequeued: 94
Consumer 0 dequeued: 38
Consumer 0 dequeued: 52
Consumer 0 dequeued: 83
Consumer 0 dequeued: 3
Producer [24]0 enqueued: 85
Producer [25]0 enqueued: 53
Producer [26]0 enqueued: 9
Producer [27]0 enqueued: 66
Producer [28]0 enqueued: 42
Producer [29]0 enqueued: 70
Producer [30]0 enqueued: 91
Producer [31]0 enqueued: 76
Consumer 0 dequeued: 5
Consumer 0 dequeued: 53
Consumer 0 dequeued: 67
Consumer 0 dequeued: 0
Consumer 0 dequeued: 38
Producer [32]0 enqueued: 26
Producer [33]0 enqueued: 4
Producer [34]0 enqueued: 74
Producer [35]0 enqueued: 33
Consumer 0 dequeued: 6
Consumer 0 dequeued: 42
Consumer 0 dequeued: 69
Consumer 0 dequeued: 59
Consumer 0 dequeued: 93
Consumer 0 dequeued: 85
Consumer 0 dequeued: 53
Consumer 0 dequeued: 9
Consumer 0 dequeued: 66
Consumer 0 dequeued: 42
Consumer 0 dequeued: 70
Consumer 0 dequeued: 91
Consumer 0 dequeued: 76
Consumer 0 dequeued: 26
Consumer 0 dequeued: 4
Consumer 0 dequeued: 74
Consumer 0 dequeued: 33
